<?xml version="1.0" encoding="UTF-8"?>
<!-- Generated by org.testng.reporters.JUnitXMLReporter -->
<testsuite hostname="TAG" ignored="0" name="Test" tests="5" failures="0" timestamp="2020-09-15T02:40:23 IST" time="6.008" errors="0">
  <testcase name="testDelete" time="1.777" classname="scripts.Assignment"/>
  <testcase name="testGet" time="0.957" classname="scripts.Assignment"/>
  <testcase name="testGetWithFilePath" time="0.275" classname="scripts.Assignment"/>
  <testcase name="testPost" time="0.962" classname="scripts.Assignment"/>
  <testcase name="testPut" time="0.973" classname="scripts.Assignment"/>
</testsuite> <!-- Test -->
