<?xml version="1.0" encoding="UTF-8"?>
<!-- Generated by org.testng.reporters.JUnitXMLReporter -->
<testsuite hostname="TAG" ignored="0" name="Test" tests="5" failures="0" timestamp="2020-09-19T20:49:54 IST" time="6.977" errors="0">
  <testcase name="testDelete" time="1.67" classname="scripts.Assignment"/>
  <testcase name="testGet" time="0.969" classname="scripts.Assignment"/>
  <testcase name="testGetWithFilePath" time="1.714" classname="scripts.Assignment"/>
  <testcase name="testPost" time="0.769" classname="scripts.Assignment"/>
  <testcase name="testPut" time="0.758" classname="scripts.Assignment"/>
</testsuite> <!-- Test -->
