<?xml version="1.0" encoding="UTF-8"?>
<testng-results skipped="0" failed="0" ignored="0" total="6" passed="6">
  <reporter-output>
  </reporter-output>
  <suite name="Suite" duration-ms="7626" started-at="2020-09-19T20:49:47 IST" finished-at="2020-09-19T20:49:54 IST">
    <groups>
    </groups>
    <test name="Test" duration-ms="6977" started-at="2020-09-19T20:49:47 IST" finished-at="2020-09-19T20:49:54 IST">
      <class name="scripts.Assignment">
        <test-method status="PASS" signature="beforeTest(java.lang.String, java.lang.String, java.lang.reflect.Method)[pri:0, instance:scripts.Assignment@2a742aa2]" name="beforeTest" is-config="true" duration-ms="637" started-at="2020-09-19T20:49:47 IST" finished-at="2020-09-19T20:49:47 IST">
          <params>
            <param index="0">
              <value>
                <![CDATA[https://jsonplaceholder.typicode.com]]>
              </value>
            </param>
            <param index="1">
              <value>
                <![CDATA[/posts]]>
              </value>
            </param>
            <param index="2">
              <value>
                <![CDATA[public void scripts.Assignment.testDelete(java.util.HashMap,java.lang.Object)]]>
              </value>
            </param>
          </params>
          <reporter-output>
          </reporter-output>
        </test-method> <!-- beforeTest -->
        <test-method status="PASS" signature="testDelete(java.util.HashMap, java.lang.Object)[pri:0, instance:scripts.Assignment@2a742aa2]" name="testDelete" duration-ms="1670" started-at="2020-09-19T20:49:47 IST" data-provider="Data_Delete" finished-at="2020-09-19T20:49:49 IST">
          <params>
            <param index="0">
              <value>
                <![CDATA[{Content-type=application/json; charset=UTF-8}]]>
              </value>
            </param>
            <param index="1">
              <value>
                <![CDATA[1]]>
              </value>
            </param>
          </params>
          <reporter-output>
          </reporter-output>
        </test-method> <!-- testDelete -->
        <test-method status="PASS" signature="afterMethod()[pri:0, instance:scripts.Assignment@2a742aa2]" name="afterMethod" is-config="true" duration-ms="246" started-at="2020-09-19T20:49:49 IST" finished-at="2020-09-19T20:49:49 IST">
          <reporter-output>
          </reporter-output>
        </test-method> <!-- afterMethod -->
        <test-method status="PASS" signature="beforeTest(java.lang.String, java.lang.String, java.lang.reflect.Method)[pri:0, instance:scripts.Assignment@2a742aa2]" name="beforeTest" is-config="true" duration-ms="2" started-at="2020-09-19T20:49:49 IST" finished-at="2020-09-19T20:49:49 IST">
          <params>
            <param index="0">
              <value>
                <![CDATA[https://jsonplaceholder.typicode.com]]>
              </value>
            </param>
            <param index="1">
              <value>
                <![CDATA[/posts]]>
              </value>
            </param>
            <param index="2">
              <value>
                <![CDATA[public void scripts.Assignment.testGet()]]>
              </value>
            </param>
          </params>
          <reporter-output>
          </reporter-output>
        </test-method> <!-- beforeTest -->
        <test-method status="PASS" signature="testGet()[pri:0, instance:scripts.Assignment@2a742aa2]" name="testGet" duration-ms="969" started-at="2020-09-19T20:49:49 IST" finished-at="2020-09-19T20:49:50 IST">
          <reporter-output>
          </reporter-output>
        </test-method> <!-- testGet -->
        <test-method status="PASS" signature="afterMethod()[pri:0, instance:scripts.Assignment@2a742aa2]" name="afterMethod" is-config="true" duration-ms="52" started-at="2020-09-19T20:49:50 IST" finished-at="2020-09-19T20:49:50 IST">
          <reporter-output>
          </reporter-output>
        </test-method> <!-- afterMethod -->
        <test-method status="PASS" signature="beforeTest(java.lang.String, java.lang.String, java.lang.reflect.Method)[pri:0, instance:scripts.Assignment@2a742aa2]" name="beforeTest" is-config="true" duration-ms="1" started-at="2020-09-19T20:49:50 IST" finished-at="2020-09-19T20:49:50 IST">
          <params>
            <param index="0">
              <value>
                <![CDATA[https://jsonplaceholder.typicode.com]]>
              </value>
            </param>
            <param index="1">
              <value>
                <![CDATA[/posts]]>
              </value>
            </param>
            <param index="2">
              <value>
                <![CDATA[public void scripts.Assignment.testGetWithFilePath(java.util.HashMap,java.lang.Object)]]>
              </value>
            </param>
          </params>
          <reporter-output>
          </reporter-output>
        </test-method> <!-- beforeTest -->
        <test-method status="PASS" signature="testGetWithFilePath(java.util.HashMap, java.lang.Object)[pri:0, instance:scripts.Assignment@2a742aa2]" name="testGetWithFilePath" duration-ms="1714" started-at="2020-09-19T20:49:50 IST" data-provider="Data_Get" finished-at="2020-09-19T20:49:52 IST">
          <params>
            <param index="0">
              <value>
                <![CDATA[{Content-type=application/json; charset=UTF-8}]]>
              </value>
            </param>
            <param index="1">
              <value>
                <![CDATA[1]]>
              </value>
            </param>
          </params>
          <reporter-output>
          </reporter-output>
        </test-method> <!-- testGetWithFilePath -->
        <test-method status="PASS" signature="afterMethod()[pri:0, instance:scripts.Assignment@2a742aa2]" name="afterMethod" is-config="true" duration-ms="32" started-at="2020-09-19T20:49:52 IST" finished-at="2020-09-19T20:49:52 IST">
          <reporter-output>
          </reporter-output>
        </test-method> <!-- afterMethod -->
        <test-method status="PASS" signature="beforeTest(java.lang.String, java.lang.String, java.lang.reflect.Method)[pri:0, instance:scripts.Assignment@2a742aa2]" name="beforeTest" is-config="true" duration-ms="2" started-at="2020-09-19T20:49:52 IST" finished-at="2020-09-19T20:49:52 IST">
          <params>
            <param index="0">
              <value>
                <![CDATA[https://jsonplaceholder.typicode.com]]>
              </value>
            </param>
            <param index="1">
              <value>
                <![CDATA[/posts]]>
              </value>
            </param>
            <param index="2">
              <value>
                <![CDATA[public void scripts.Assignment.testPost(java.util.HashMap,java.util.HashMap)]]>
              </value>
            </param>
          </params>
          <reporter-output>
          </reporter-output>
        </test-method> <!-- beforeTest -->
        <test-method status="PASS" signature="testPost(java.util.HashMap, java.util.HashMap)[pri:0, instance:scripts.Assignment@2a742aa2]" name="testPost" duration-ms="769" started-at="2020-09-19T20:49:52 IST" data-provider="Data_Post" finished-at="2020-09-19T20:49:53 IST">
          <params>
            <param index="0">
              <value>
                <![CDATA[{Content-type=application/json; charset=UTF-8}]]>
              </value>
            </param>
            <param index="1">
              <value>
                <![CDATA[{title=foo, body=xybarz, userId=1}]]>
              </value>
            </param>
          </params>
          <reporter-output>
          </reporter-output>
        </test-method> <!-- testPost -->
        <test-method status="PASS" signature="afterMethod()[pri:0, instance:scripts.Assignment@2a742aa2]" name="afterMethod" is-config="true" duration-ms="35" started-at="2020-09-19T20:49:53 IST" finished-at="2020-09-19T20:49:53 IST">
          <reporter-output>
          </reporter-output>
        </test-method> <!-- afterMethod -->
        <test-method status="PASS" signature="beforeTest(java.lang.String, java.lang.String, java.lang.reflect.Method)[pri:0, instance:scripts.Assignment@2a742aa2]" name="beforeTest" is-config="true" duration-ms="0" started-at="2020-09-19T20:49:53 IST" finished-at="2020-09-19T20:49:53 IST">
          <params>
            <param index="0">
              <value>
                <![CDATA[https://jsonplaceholder.typicode.com]]>
              </value>
            </param>
            <param index="1">
              <value>
                <![CDATA[/posts]]>
              </value>
            </param>
            <param index="2">
              <value>
                <![CDATA[public void scripts.Assignment.testPut(java.util.HashMap,java.util.HashMap)]]>
              </value>
            </param>
          </params>
          <reporter-output>
          </reporter-output>
        </test-method> <!-- beforeTest -->
        <test-method status="PASS" signature="testPut(java.util.HashMap, java.util.HashMap)[pri:0, instance:scripts.Assignment@2a742aa2]" name="testPut" duration-ms="758" started-at="2020-09-19T20:49:53 IST" data-provider="Data_Put" finished-at="2020-09-19T20:49:54 IST">
          <params>
            <param index="0">
              <value>
                <![CDATA[{Content-type=application/json; charset=UTF-8}]]>
              </value>
            </param>
            <param index="1">
              <value>
                <![CDATA[{id=1, title=abc, body=xyz, userId=1}]]>
              </value>
            </param>
          </params>
          <reporter-output>
          </reporter-output>
        </test-method> <!-- testPut -->
        <test-method status="PASS" signature="afterMethod()[pri:0, instance:scripts.Assignment@2a742aa2]" name="afterMethod" is-config="true" duration-ms="29" started-at="2020-09-19T20:49:54 IST" finished-at="2020-09-19T20:49:54 IST">
          <reporter-output>
          </reporter-output>
        </test-method> <!-- afterMethod -->
      </class> <!-- scripts.Assignment -->
    </test> <!-- Test -->
    <test name="TestInvalid" duration-ms="632" started-at="2020-09-19T20:49:54 IST" finished-at="2020-09-19T20:49:54 IST">
      <class name="scripts.InvalidCase">
        <test-method status="PASS" signature="initialize()[pri:0, instance:scripts.InvalidCase@29b5cd00]" name="initialize" is-config="true" duration-ms="131" started-at="2020-09-19T20:49:47 IST" finished-at="2020-09-19T20:49:47 IST">
          <reporter-output>
          </reporter-output>
        </test-method> <!-- initialize -->
        <test-method status="PASS" signature="beforeTest(java.lang.String, java.lang.String, java.lang.reflect.Method)[pri:0, instance:scripts.InvalidCase@29b5cd00]" name="beforeTest" is-config="true" duration-ms="1" started-at="2020-09-19T20:49:54 IST" finished-at="2020-09-19T20:49:54 IST">
          <params>
            <param index="0">
              <value>
                <![CDATA[https://jsonplaceholder.typicode.com]]>
              </value>
            </param>
            <param index="1">
              <value>
                <![CDATA[/invalidposts]]>
              </value>
            </param>
            <param index="2">
              <value>
                <![CDATA[public void scripts.InvalidCase.testInvalidPost()]]>
              </value>
            </param>
          </params>
          <reporter-output>
          </reporter-output>
        </test-method> <!-- beforeTest -->
        <test-method status="PASS" signature="testInvalidPost()[pri:0, instance:scripts.InvalidCase@29b5cd00]" name="testInvalidPost" duration-ms="584" started-at="2020-09-19T20:49:54 IST" finished-at="2020-09-19T20:49:54 IST">
          <reporter-output>
          </reporter-output>
        </test-method> <!-- testInvalidPost -->
        <test-method status="PASS" signature="afterMethod()[pri:0, instance:scripts.InvalidCase@29b5cd00]" name="afterMethod" is-config="true" duration-ms="45" started-at="2020-09-19T20:49:54 IST" finished-at="2020-09-19T20:49:54 IST">
          <reporter-output>
          </reporter-output>
        </test-method> <!-- afterMethod -->
        <test-method status="PASS" signature="tearDown()[pri:0, instance:scripts.InvalidCase@29b5cd00]" name="tearDown" is-config="true" duration-ms="34" started-at="2020-09-19T20:49:54 IST" finished-at="2020-09-19T20:49:54 IST">
          <reporter-output>
          </reporter-output>
        </test-method> <!-- tearDown -->
      </class> <!-- scripts.InvalidCase -->
    </test> <!-- TestInvalid -->
  </suite> <!-- Suite -->
</testng-results>
